0 info it worked if it ends with ok
1 verbose cli [ '/usr/local/bin/node', '/usr/local/bin/npm', 'link' ]
2 info using npm@3.10.10
3 info using node@v6.9.5
4 verbose linkPkg /Users/lipengyan/myProject/ftdjs/NodeJs/nodejs
5 silly gentlyRm /usr/local/lib/node_modules/hello is being purged
6 verbose gentlyRm don't care about contents; nuking /usr/local/lib/node_modules/hello
7 verbose stack Error: EACCES: permission denied, symlink '/Users/lipengyan/myProject/ftdjs/NodeJs/nodejs' -> '/usr/local/lib/node_modules/hello'
7 verbose stack     at Error (native)
8 verbose cwd /Users/lipengyan/myProject/ftdjs/NodeJs/nodejs
9 error Darwin 16.4.0
10 error argv "/usr/local/bin/node" "/usr/local/bin/npm" "link"
11 error node v6.9.5
12 error npm  v3.10.10
13 error path /Users/lipengyan/myProject/ftdjs/NodeJs/nodejs
14 error code EACCES
15 error errno -13
16 error syscall symlink
17 error Error: EACCES: permission denied, symlink '/Users/lipengyan/myProject/ftdjs/NodeJs/nodejs' -> '/usr/local/lib/node_modules/hello'
17 error     at Error (native)
17 error  { Error: EACCES: permission denied, symlink '/Users/lipengyan/myProject/ftdjs/NodeJs/nodejs' -> '/usr/local/lib/node_modules/hello'
17 error     at Error (native)
17 error   errno: -13,
17 error   code: 'EACCES',
17 error   syscall: 'symlink',
17 error   path: '/Users/lipengyan/myProject/ftdjs/NodeJs/nodejs',
17 error   dest: '/usr/local/lib/node_modules/hello' }
18 error Please try running this command again as root/Administrator.
19 verbose exit [ -13, true ]
